<?xml version="1.0" encoding="UTF-8"?>
<!-- Generated by org.testng.reporters.JUnitXMLReporter -->
<testsuite ignored="0" hostname="User-PC" failures="2" tests="2" name="functional" time="0.117" errors="0" timestamp="2021-04-03T23:48:43 IST">
  <testcase classname="testNgByRahul.AssertionInTestNg" name="reg_test" time="0.029">
    <failure type="java.lang.AssertionError" message="The following asserts failed:
	Expected result does not matched expected [google.com] but found [google],
	expected [false] but found [true]">
      <![CDATA[java.lang.AssertionError: The following asserts failed:
Expected result does not matched expected [google.com] but found [google],
expected [false] but found [true]
at testNgByRahul.AssertionInTestNg.reg_test(AssertionInTestNg.java:30)
at java.base/java.util.ArrayList.forEach(ArrayList.java:1507)
... Removed 29 stack frames]]>
    </failure>
  </testcase> <!-- reg_test -->
  <testcase classname="testNgByRahul.AssertionInTestNg" name="login_test" time="0.004">
    <failure type="java.lang.AssertionError" message="The following asserts failed:
	Expected result does not matched expected [google.com] but found [google],
	expected [false] but found [true],
	Expected result does not matched expected [google.com] but found [google],
	expected [false] but found [true],
	expected [false] but found [true],
	expected [false] but found [true]">
      <![CDATA[java.lang.AssertionError: The following asserts failed:
Expected result does not matched expected [google.com] but found [google],
expected [false] but found [true],
Expected result does not matched expected [google.com] but found [google],
expected [false] but found [true],
expected [false] but found [true],
expected [false] but found [true]
at testNgByRahul.AssertionInTestNg.login_test(AssertionInTestNg.java:51)
at java.base/java.util.ArrayList.forEach(ArrayList.java:1507)
... Removed 29 stack frames]]>
    </failure>
  </testcase> <!-- login_test -->
</testsuite> <!-- functional -->
