<?xml version="1.0" encoding="UTF-8"?>
<!-- Generated by org.testng.reporters.JUnitXMLReporter -->
<testsuite ignored="0" hostname="User-PC" failures="1" tests="1" name="Smoke" time="0.011" errors="0" timestamp="2021-04-03T23:48:43 IST">
  <testcase classname="testNgByRahul.TestCase2" name="Search_test" time="0.003">
    <failure type="java.lang.AssertionError" message="The following asserts failed:
	Expected result does not matched expected [google.com] but found [google],
	expected [false] but found [true]">
      <![CDATA[java.lang.AssertionError: The following asserts failed:
Expected result does not matched expected [google.com] but found [google],
expected [false] but found [true]
at testNgByRahul.TestCase2.Search_test(TestCase2.java:27)
at java.base/java.util.ArrayList.forEach(ArrayList.java:1507)
... Removed 29 stack frames]]>
    </failure>
  </testcase> <!-- Search_test -->
</testsuite> <!-- Smoke -->
