<?xml version="1.0" encoding="UTF-8"?>
<!-- Generated by org.testng.reporters.JUnitXMLReporter -->
<testsuite ignored="0" hostname="User-PC" failures="4" tests="4" name="Test" time="0.092" errors="0" timestamp="2021-04-03T23:44:44 IST">
  <testcase classname="testNgByRahul.AssertionInTestNg" name="reg_test" time="0.017">
    <failure type="java.lang.AssertionError" message="The following asserts failed:
	Expected result does not matched expected [google.com] but found [google],
	expected [false] but found [true]">
      <![CDATA[java.lang.AssertionError: The following asserts failed:
Expected result does not matched expected [google.com] but found [google],
expected [false] but found [true]
at testNgByRahul.AssertionInTestNg.reg_test(AssertionInTestNg.java:30)
at java.base/java.util.ArrayList.forEach(ArrayList.java:1507)
... Removed 29 stack frames]]>
    </failure>
  </testcase> <!-- reg_test -->
  <testcase classname="testNgByRahul.AssertionInTestNg" name="login_test" time="0.002">
    <failure type="java.lang.AssertionError" message="The following asserts failed:
	Expected result does not matched expected [google.com] but found [google],
	expected [false] but found [true],
	Expected result does not matched expected [google.com] but found [google],
	expected [false] but found [true],
	expected [false] but found [true],
	expected [false] but found [true]">
      <![CDATA[java.lang.AssertionError: The following asserts failed:
Expected result does not matched expected [google.com] but found [google],
expected [false] but found [true],
Expected result does not matched expected [google.com] but found [google],
expected [false] but found [true],
expected [false] but found [true],
expected [false] but found [true]
at testNgByRahul.AssertionInTestNg.login_test(AssertionInTestNg.java:51)
at java.base/java.util.ArrayList.forEach(ArrayList.java:1507)
... Removed 29 stack frames]]>
    </failure>
  </testcase> <!-- login_test -->
  <testcase classname="testNgByRahul.TestCase2" name="Search_test" time="0.002">
    <failure type="java.lang.AssertionError" message="The following asserts failed:
	Expected result does not matched expected [google.com] but found [google],
	expected [false] but found [true]">
      <![CDATA[java.lang.AssertionError: The following asserts failed:
Expected result does not matched expected [google.com] but found [google],
expected [false] but found [true]
at testNgByRahul.TestCase2.Search_test(TestCase2.java:27)
at java.base/java.util.ArrayList.forEach(ArrayList.java:1507)
... Removed 29 stack frames]]>
    </failure>
  </testcase> <!-- Search_test -->
  <testcase classname="testNgByRahul.TestCase3" name="title_test" time="0.002">
    <failure type="java.lang.AssertionError" message="The following asserts failed:
	Expected result does not matched expected [google.com] but found [google],
	expected [false] but found [true],
	expected [false] but found [true]">
      <![CDATA[java.lang.AssertionError: The following asserts failed:
Expected result does not matched expected [google.com] but found [google],
expected [false] but found [true],
expected [false] but found [true]
at testNgByRahul.TestCase3.title_test(TestCase3.java:28)
at java.base/java.util.ArrayList.forEach(ArrayList.java:1507)
... Removed 29 stack frames]]>
    </failure>
  </testcase> <!-- title_test -->
</testsuite> <!-- Test -->
